Compilación iniciada a las 29/03/2018 17:42:31.
     1>Proyecto "C:\Users\Meli-Santi\Desktop\Bootcamp C++\Menú\Menu\Menu\Menu.vcxproj" en el nodo 2 (Build destinos).
     1>ClCompile:
         C:\Program Files (x86)\Microsoft Visual Studio 11.0\VC\bin\CL.exe /c /ZI /nologo /W3 /WX- /Od /Oy- /D WIN32 /D _DEBUG /D _CONSOLE /D _UNICODE /D UNICODE /Gm /EHsc /RTC1 /MDd /GS /fp:precise /Zc:wchar_t /Zc:forScope /Fo"Debug\\" /Fd"Debug\vc110.pdb" /Gd /TP /analyze- /errorReport:prompt main.cpp
         main.cpp
     1>c:\users\meli-santi\desktop\bootcamp c++\menú\menu\menu\main.cpp(30): warning C4996: 'getch': The POSIX name for this item is deprecated. Instead, use the ISO C++ conformant name: _getch. See online help for details.
                 c:\program files (x86)\microsoft visual studio 11.0\vc\include\conio.h(131) : vea la declaración de 'getch'
     1>c:\users\meli-santi\desktop\bootcamp c++\menú\menu\menu\main.cpp(34): warning C4996: 'getch': The POSIX name for this item is deprecated. Instead, use the ISO C++ conformant name: _getch. See online help for details.
                 c:\program files (x86)\microsoft visual studio 11.0\vc\include\conio.h(131) : vea la declaración de 'getch'
     1>c:\users\meli-santi\desktop\bootcamp c++\menú\menu\menu\main.cpp(38): warning C4996: 'getch': The POSIX name for this item is deprecated. Instead, use the ISO C++ conformant name: _getch. See online help for details.
                 c:\program files (x86)\microsoft visual studio 11.0\vc\include\conio.h(131) : vea la declaración de 'getch'
     1>c:\users\meli-santi\desktop\bootcamp c++\menú\menu\menu\main.cpp(42): warning C4996: 'getch': The POSIX name for this item is deprecated. Instead, use the ISO C++ conformant name: _getch. See online help for details.
                 c:\program files (x86)\microsoft visual studio 11.0\vc\include\conio.h(131) : vea la declaración de 'getch'
     1>c:\users\meli-santi\desktop\bootcamp c++\menú\menu\menu\main.cpp(46): warning C4996: 'getch': The POSIX name for this item is deprecated. Instead, use the ISO C++ conformant name: _getch. See online help for details.
                 c:\program files (x86)\microsoft visual studio 11.0\vc\include\conio.h(131) : vea la declaración de 'getch'
     1>c:\users\meli-santi\desktop\bootcamp c++\menú\menu\menu\main.cpp(50): warning C4996: 'getch': The POSIX name for this item is deprecated. Instead, use the ISO C++ conformant name: _getch. See online help for details.
                 c:\program files (x86)\microsoft visual studio 11.0\vc\include\conio.h(131) : vea la declaración de 'getch'
       Link:
         C:\Program Files (x86)\Microsoft Visual Studio 11.0\VC\bin\link.exe /ERRORREPORT:PROMPT /OUT:"C:\Users\Meli-Santi\Desktop\Bootcamp C++\Menú\Menu\Debug\Menu.exe" /INCREMENTAL /NOLOGO kernel32.lib user32.lib gdi32.lib winspool.lib comdlg32.lib advapi32.lib shell32.lib ole32.lib oleaut32.lib uuid.lib odbc32.lib odbccp32.lib /MANIFEST /MANIFESTUAC:"level='asInvoker' uiAccess='false'" /manifest:embed /DEBUG /PDB:"C:\Users\Meli-Santi\Desktop\Bootcamp C++\Menú\Menu\Debug\Menu.pdb" /SUBSYSTEM:CONSOLE /TLBID:1 /DYNAMICBASE /NXCOMPAT /IMPLIB:"C:\Users\Meli-Santi\Desktop\Bootcamp C++\Menú\Menu\Debug\Menu.lib" /MACHINE:X86 Debug\main.obj
         Debug\Operaciones_matematicas.obj
         Debug\Operaciones_preprocesador.obj
         Menu.vcxproj -> C:\Users\Meli-Santi\Desktop\Bootcamp C++\Menú\Menu\Debug\Menu.exe
     1>Compilación del proyecto terminada "C:\Users\Meli-Santi\Desktop\Bootcamp C++\Menú\Menu\Menu\Menu.vcxproj" (Build destinos).

Compilación correcta.

Tiempo transcurrido 00:00:01.03
